<?xml version="1.0" encoding="UTF-8"?>
<!-- Generated by org.testng.reporters.JUnitXMLReporter -->
<testsuite ignored="0" hostname="Apples-MacBook-Air.local" failures="0" tests="2" name="Test1" time="5.221" errors="0" timestamp="2020-06-18T11:28:30 IST">
  <testcase classname="introduction.TestNgS$SeleniumWebdriverTest" name="MyFirstTestNGTestCase2" time="2.054"/>
  <testcase classname="introduction.TestNg$SeleniumWebdriverTest" name="MyFirstTestNGTestCase" time="2.011"/>
</testsuite> <!-- Test1 -->
